<?xml version="1.0" encoding="UTF-8"?>
<!-- Generated by org.testng.reporters.JUnitXMLReporter -->
<testsuite hostname="DESKTOP-8KVFQ6T" name="Command line test" tests="1" failures="1" timestamp="21 Aug 2016 09:18:48 GMT" time="16.659" errors="0">
  <testcase name="reg" time="16.641" classname="test.TestCase1">
    <failure type="java.lang.NullPointerException">
      <![CDATA[java.lang.NullPointerException
	at utils.ParseProperties.getValue(ParseProperties.java:39)
	at test.TestCase1.reg(TestCase1.java:37)
... Removed 33 stack frames]]>
    </failure>
  </testcase> <!-- reg -->
</testsuite> <!-- Command line test -->
